<?xml version="1.0" encoding="UTF-8"?>
<testsuite name="jp.ac.uryukyu.ie.e245739.EnemyTest" tests="1" skipped="0" failures="0" errors="0" timestamp="2024-12-03T20:02:51" hostname="KishimotonoMacBook-Air.local" time="0.003">
  <properties/>
  <testcase name="attackTest()" classname="jp.ac.uryukyu.ie.e245739.EnemyTest" time="0.003"/>
  <system-out><![CDATA[デモ勇者の攻撃！スライムもどきに94のダメージを与えた！！
モンスタースライムもどきは倒れた。
]]></system-out>
  <system-err><![CDATA[]]></system-err>
</testsuite>
